
*** Running vivado
    with args -log top.vds -m64 -product Vivado -mode batch -messageDb vivado.pb -notrace -source top.tcl


****** Vivado v2020.2 (64-bit)
  **** SW Build 3064766 on Wed Nov 18 09:12:47 MST 2020
  **** IP Build 3064653 on Wed Nov 18 14:17:31 MST 2020
    ** Copyright 1986-2020 Xilinx, Inc. All Rights Reserved.

source top.tcl -notrace
Command: synth_design -top top -part xc7a35tcpg236-1
Starting synth_design
Attempting to get a license for feature 'Synthesis' and/or device 'xc7a35t'
INFO: [Common 17-349] Got license for feature 'Synthesis' and/or device 'xc7a35t'
INFO: [Device 21-403] Loading part xc7a35tcpg236-1
INFO: [Synth 8-7079] Multithreading enabled for synth_design using a maximum of 4 processes.
INFO: [Synth 8-7078] Launching helper process for spawning children vivado processes
INFO: [Synth 8-7075] Helper process launched with PID 19991
---------------------------------------------------------------------------------
Starting RTL Elaboration : Time (s): cpu = 00:00:03 ; elapsed = 00:00:03 . Memory (MB): peak = 2288.836 ; gain = 0.000 ; free physical = 8675 ; free virtual = 14810
---------------------------------------------------------------------------------
INFO: [Synth 8-6157] synthesizing module 'top' [/home/minseok/study/vivado/0516_upcounter/0516_upcounter.srcs/sources_1/new/top.v:4]
INFO: [Synth 8-6157] synthesizing module 'clkDiv' [/home/minseok/study/vivado/0516_upcounter/0516_upcounter.srcs/sources_1/imports/new/FNDController.v:204]
	Parameter HERZ bound to: 100 - type: integer 
INFO: [Synth 8-6155] done synthesizing module 'clkDiv' (1#1) [/home/minseok/study/vivado/0516_upcounter/0516_upcounter.srcs/sources_1/imports/new/FNDController.v:204]
INFO: [Synth 8-6157] synthesizing module 'UpCounter' [/home/minseok/study/vivado/0516_upcounter/0516_upcounter.srcs/sources_1/new/UpCounter.v:4]
INFO: [Synth 8-6155] done synthesizing module 'UpCounter' (2#1) [/home/minseok/study/vivado/0516_upcounter/0516_upcounter.srcs/sources_1/new/UpCounter.v:4]
INFO: [Synth 8-6157] synthesizing module 'FNDContorller' [/home/minseok/study/vivado/0516_upcounter/0516_upcounter.srcs/sources_1/imports/new/FNDController.v:4]
INFO: [Synth 8-6157] synthesizing module 'clkDiv__parameterized0' [/home/minseok/study/vivado/0516_upcounter/0516_upcounter.srcs/sources_1/imports/new/FNDController.v:204]
	Parameter HERZ bound to: 1000 - type: integer 
INFO: [Synth 8-6155] done synthesizing module 'clkDiv__parameterized0' (2#1) [/home/minseok/study/vivado/0516_upcounter/0516_upcounter.srcs/sources_1/imports/new/FNDController.v:204]
INFO: [Synth 8-6157] synthesizing module 'counter' [/home/minseok/study/vivado/0516_upcounter/0516_upcounter.srcs/sources_1/imports/new/FNDController.v:179]
	Parameter MAX_COUNT bound to: 4 - type: integer 
INFO: [Synth 8-6155] done synthesizing module 'counter' (3#1) [/home/minseok/study/vivado/0516_upcounter/0516_upcounter.srcs/sources_1/imports/new/FNDController.v:179]
INFO: [Synth 8-6157] synthesizing module 'Adder_Decoder' [/home/minseok/study/vivado/0516_upcounter/0516_upcounter.srcs/sources_1/imports/new/FNDController.v:161]
INFO: [Synth 8-226] default block is never used [/home/minseok/study/vivado/0516_upcounter/0516_upcounter.srcs/sources_1/imports/new/FNDController.v:167]
INFO: [Synth 8-6155] done synthesizing module 'Adder_Decoder' (4#1) [/home/minseok/study/vivado/0516_upcounter/0516_upcounter.srcs/sources_1/imports/new/FNDController.v:161]
INFO: [Synth 8-6157] synthesizing module 'digitSplitter_counter' [/home/minseok/study/vivado/0516_upcounter/0516_upcounter.srcs/sources_1/imports/new/FNDController.v:91]
INFO: [Synth 8-6155] done synthesizing module 'digitSplitter_counter' (5#1) [/home/minseok/study/vivado/0516_upcounter/0516_upcounter.srcs/sources_1/imports/new/FNDController.v:91]
INFO: [Synth 8-6157] synthesizing module 'mux' [/home/minseok/study/vivado/0516_upcounter/0516_upcounter.srcs/sources_1/imports/new/FNDController.v:109]
INFO: [Synth 8-226] default block is never used [/home/minseok/study/vivado/0516_upcounter/0516_upcounter.srcs/sources_1/imports/new/FNDController.v:119]
INFO: [Synth 8-6155] done synthesizing module 'mux' (6#1) [/home/minseok/study/vivado/0516_upcounter/0516_upcounter.srcs/sources_1/imports/new/FNDController.v:109]
INFO: [Synth 8-6157] synthesizing module 'BCDtoSEG' [/home/minseok/study/vivado/0516_upcounter/0516_upcounter.srcs/sources_1/imports/new/FNDController.v:131]
INFO: [Synth 8-226] default block is never used [/home/minseok/study/vivado/0516_upcounter/0516_upcounter.srcs/sources_1/imports/new/FNDController.v:137]
INFO: [Synth 8-6155] done synthesizing module 'BCDtoSEG' (7#1) [/home/minseok/study/vivado/0516_upcounter/0516_upcounter.srcs/sources_1/imports/new/FNDController.v:131]
INFO: [Synth 8-6155] done synthesizing module 'FNDContorller' (8#1) [/home/minseok/study/vivado/0516_upcounter/0516_upcounter.srcs/sources_1/imports/new/FNDController.v:4]
INFO: [Synth 8-6157] synthesizing module 'button' [/home/minseok/study/vivado/0516_upcounter/0516_upcounter.srcs/sources_1/imports/new/button.v:3]
	Parameter N bound to: 200 - type: integer 
INFO: [Synth 8-6155] done synthesizing module 'button' (9#1) [/home/minseok/study/vivado/0516_upcounter/0516_upcounter.srcs/sources_1/imports/new/button.v:3]
INFO: [Synth 8-6157] synthesizing module 'control_unit' [/home/minseok/study/vivado/0516_upcounter/0516_upcounter.srcs/sources_1/new/control_unit.v:4]
	Parameter STOP bound to: 2'b00 
	Parameter RUN bound to: 2'b01 
	Parameter CLEAR bound to: 2'b10 
INFO: [Synth 8-155] case statement is not full and has no default [/home/minseok/study/vivado/0516_upcounter/0516_upcounter.srcs/sources_1/new/control_unit.v:45]
INFO: [Synth 8-155] case statement is not full and has no default [/home/minseok/study/vivado/0516_upcounter/0516_upcounter.srcs/sources_1/new/control_unit.v:71]
INFO: [Synth 8-6155] done synthesizing module 'control_unit' (10#1) [/home/minseok/study/vivado/0516_upcounter/0516_upcounter.srcs/sources_1/new/control_unit.v:4]
WARNING: [Synth 8-4446] all outputs are unconnected for this instance and logic may be removed [/home/minseok/study/vivado/0516_upcounter/0516_upcounter.srcs/sources_1/new/top.v:83]
INFO: [Synth 8-6157] synthesizing module 'ila_0' [/home/minseok/study/vivado/0516_upcounter/0516_upcounter.runs/synth_1/.Xil/Vivado-19757-Minseok/realtime/ila_0_stub.v:6]
INFO: [Synth 8-6155] done synthesizing module 'ila_0' (11#1) [/home/minseok/study/vivado/0516_upcounter/0516_upcounter.runs/synth_1/.Xil/Vivado-19757-Minseok/realtime/ila_0_stub.v:6]
INFO: [Synth 8-6071] Mark debug on the nets applies keep_hierarchy on instance 'U_Btn_RunStop'. This will prevent further optimization [/home/minseok/study/vivado/0516_upcounter/0516_upcounter.srcs/sources_1/new/top.v:53]
INFO: [Synth 8-6071] Mark debug on the nets applies keep_hierarchy on instance 'your_instance_name'. This will prevent further optimization [/home/minseok/study/vivado/0516_upcounter/0516_upcounter.srcs/sources_1/new/top.v:83]
INFO: [Synth 8-6071] Mark debug on the nets applies keep_hierarchy on instance 'U_ControllUnit'. This will prevent further optimization [/home/minseok/study/vivado/0516_upcounter/0516_upcounter.srcs/sources_1/new/top.v:68]
INFO: [Synth 8-6071] Mark debug on the nets applies keep_hierarchy on instance 'U_Btn_clear'. This will prevent further optimization [/home/minseok/study/vivado/0516_upcounter/0516_upcounter.srcs/sources_1/new/top.v:60]
INFO: [Synth 8-6071] Mark debug on the nets applies keep_hierarchy on instance 'U_UpCounter_10k'. This will prevent further optimization [/home/minseok/study/vivado/0516_upcounter/0516_upcounter.srcs/sources_1/new/top.v:31]
INFO: [Synth 8-6071] Mark debug on the nets applies keep_hierarchy on instance 'U_FNDController'. This will prevent further optimization [/home/minseok/study/vivado/0516_upcounter/0516_upcounter.srcs/sources_1/new/top.v:41]
INFO: [Synth 8-6155] done synthesizing module 'top' (12#1) [/home/minseok/study/vivado/0516_upcounter/0516_upcounter.srcs/sources_1/new/top.v:4]
---------------------------------------------------------------------------------
Finished RTL Elaboration : Time (s): cpu = 00:00:04 ; elapsed = 00:00:04 . Memory (MB): peak = 2288.836 ; gain = 0.000 ; free physical = 7839 ; free virtual = 13975
---------------------------------------------------------------------------------
---------------------------------------------------------------------------------
Start Handling Custom Attributes
---------------------------------------------------------------------------------
---------------------------------------------------------------------------------
Finished Handling Custom Attributes : Time (s): cpu = 00:00:04 ; elapsed = 00:00:04 . Memory (MB): peak = 2288.836 ; gain = 0.000 ; free physical = 7835 ; free virtual = 13970
---------------------------------------------------------------------------------
---------------------------------------------------------------------------------
Finished RTL Optimization Phase 1 : Time (s): cpu = 00:00:04 ; elapsed = 00:00:04 . Memory (MB): peak = 2288.836 ; gain = 0.000 ; free physical = 7835 ; free virtual = 13970
---------------------------------------------------------------------------------
Netlist sorting complete. Time (s): cpu = 00:00:00 ; elapsed = 00:00:00.01 . Memory (MB): peak = 2288.836 ; gain = 0.000 ; free physical = 7828 ; free virtual = 13964
INFO: [Project 1-570] Preparing netlist for logic optimization

Processing XDC Constraints
Initializing timing engine
Parsing XDC File [/home/minseok/study/vivado/0516_upcounter/0516_upcounter.gen/sources_1/ip/ila_0/ila_0/ila_0_in_context.xdc] for cell 'your_instance_name'
Finished Parsing XDC File [/home/minseok/study/vivado/0516_upcounter/0516_upcounter.gen/sources_1/ip/ila_0/ila_0/ila_0_in_context.xdc] for cell 'your_instance_name'
Parsing XDC File [/home/minseok/study/vivado/0516_upcounter/0516_upcounter.srcs/constrs_1/imports/vivado/MY_Basys-3-Master.xdc]
Finished Parsing XDC File [/home/minseok/study/vivado/0516_upcounter/0516_upcounter.srcs/constrs_1/imports/vivado/MY_Basys-3-Master.xdc]
INFO: [Project 1-236] Implementation specific constraints were found while reading constraint file [/home/minseok/study/vivado/0516_upcounter/0516_upcounter.srcs/constrs_1/imports/vivado/MY_Basys-3-Master.xdc]. These constraints will be ignored for synthesis but will be used in implementation. Impacted constraints are listed in the file [.Xil/top_propImpl.xdc].
Resolution: To avoid this warning, move constraints listed in [.Xil/top_propImpl.xdc] to another XDC file and exclude this new file from synthesis with the used_in_synthesis property (File Properties dialog in GUI) and re-run elaboration/synthesis.
Completed Processing XDC Constraints

Netlist sorting complete. Time (s): cpu = 00:00:00 ; elapsed = 00:00:00 . Memory (MB): peak = 2350.891 ; gain = 0.000 ; free physical = 8407 ; free virtual = 14544
INFO: [Project 1-111] Unisim Transformation Summary:
No Unisim elements were transformed.

Constraint Validation Runtime : Time (s): cpu = 00:00:00 ; elapsed = 00:00:00.01 . Memory (MB): peak = 2350.891 ; gain = 0.000 ; free physical = 8407 ; free virtual = 14544
---------------------------------------------------------------------------------
Finished Constraint Validation : Time (s): cpu = 00:00:08 ; elapsed = 00:00:09 . Memory (MB): peak = 2350.891 ; gain = 62.055 ; free physical = 8551 ; free virtual = 14688
---------------------------------------------------------------------------------
---------------------------------------------------------------------------------
Start Loading Part and Timing Information
---------------------------------------------------------------------------------
Loading part: xc7a35tcpg236-1
---------------------------------------------------------------------------------
Finished Loading Part and Timing Information : Time (s): cpu = 00:00:08 ; elapsed = 00:00:09 . Memory (MB): peak = 2350.891 ; gain = 62.055 ; free physical = 8551 ; free virtual = 14688
---------------------------------------------------------------------------------
---------------------------------------------------------------------------------
Start Applying 'set_property' XDC Constraints
---------------------------------------------------------------------------------
Applied set_property KEEP_HIERARCHY = SOFT for your_instance_name. (constraint file  auto generated constraint).
---------------------------------------------------------------------------------
Finished applying 'set_property' XDC Constraints : Time (s): cpu = 00:00:08 ; elapsed = 00:00:09 . Memory (MB): peak = 2350.891 ; gain = 62.055 ; free physical = 8554 ; free virtual = 14690
---------------------------------------------------------------------------------
INFO: [Synth 8-802] inferred FSM for state register 'state_reg' in module 'control_unit'
---------------------------------------------------------------------------------------------------
                   State |                     New Encoding |                Previous Encoding 
---------------------------------------------------------------------------------------------------
                    STOP |                              001 |                               00
                     RUN |                              010 |                               01
                   CLEAR |                              100 |                               10
---------------------------------------------------------------------------------------------------
INFO: [Synth 8-3354] encoded FSM with state register 'state_reg' using encoding 'one-hot' in module 'control_unit'
---------------------------------------------------------------------------------
Finished RTL Optimization Phase 2 : Time (s): cpu = 00:00:08 ; elapsed = 00:00:10 . Memory (MB): peak = 2350.891 ; gain = 62.055 ; free physical = 8545 ; free virtual = 14682
---------------------------------------------------------------------------------
---------------------------------------------------------------------------------
Start RTL Component Statistics 
---------------------------------------------------------------------------------
Detailed RTL Component Info : 
+---Adders : 
	   2 Input   20 Bit       Adders := 1     
	   2 Input   17 Bit       Adders := 1     
	   2 Input   14 Bit       Adders := 1     
	   2 Input    2 Bit       Adders := 1     
+---Registers : 
	              200 Bit    Registers := 2     
	               20 Bit    Registers := 1     
	               17 Bit    Registers := 1     
	               14 Bit    Registers := 1     
	                2 Bit    Registers := 1     
	                1 Bit    Registers := 4     
+---Muxes : 
	   2 Input   20 Bit        Muxes := 1     
	   2 Input   17 Bit        Muxes := 1     
	   2 Input   14 Bit        Muxes := 2     
	   4 Input    4 Bit        Muxes := 2     
	   3 Input    3 Bit        Muxes := 1     
	   2 Input    3 Bit        Muxes := 3     
	   2 Input    2 Bit        Muxes := 1     
	   2 Input    1 Bit        Muxes := 1     
	   3 Input    1 Bit        Muxes := 1     
---------------------------------------------------------------------------------
Finished RTL Component Statistics 
---------------------------------------------------------------------------------
---------------------------------------------------------------------------------
Start Part Resource Summary
---------------------------------------------------------------------------------
Part Resources:
DSPs: 90 (col length:60)
BRAMs: 100 (col length: RAMB18 60 RAMB36 30)
---------------------------------------------------------------------------------
Finished Part Resource Summary
---------------------------------------------------------------------------------
---------------------------------------------------------------------------------
Start Cross Boundary and Area Optimization
---------------------------------------------------------------------------------
---------------------------------------------------------------------------------
Finished Cross Boundary and Area Optimization : Time (s): cpu = 00:00:13 ; elapsed = 00:00:15 . Memory (MB): peak = 2350.891 ; gain = 62.055 ; free physical = 8506 ; free virtual = 14647
---------------------------------------------------------------------------------
---------------------------------------------------------------------------------
Start Applying XDC Timing Constraints
---------------------------------------------------------------------------------
---------------------------------------------------------------------------------
Finished Applying XDC Timing Constraints : Time (s): cpu = 00:00:17 ; elapsed = 00:00:18 . Memory (MB): peak = 2350.891 ; gain = 62.055 ; free physical = 8404 ; free virtual = 14545
---------------------------------------------------------------------------------
---------------------------------------------------------------------------------
Start Timing Optimization
---------------------------------------------------------------------------------
---------------------------------------------------------------------------------
Finished Timing Optimization : Time (s): cpu = 00:00:17 ; elapsed = 00:00:19 . Memory (MB): peak = 2350.891 ; gain = 62.055 ; free physical = 8404 ; free virtual = 14545
---------------------------------------------------------------------------------
---------------------------------------------------------------------------------
Start Technology Mapping
---------------------------------------------------------------------------------
---------------------------------------------------------------------------------
Finished Technology Mapping : Time (s): cpu = 00:00:17 ; elapsed = 00:00:19 . Memory (MB): peak = 2350.891 ; gain = 62.055 ; free physical = 8400 ; free virtual = 14541
---------------------------------------------------------------------------------
---------------------------------------------------------------------------------
Start IO Insertion
---------------------------------------------------------------------------------
---------------------------------------------------------------------------------
Start Flattening Before IO Insertion
---------------------------------------------------------------------------------
---------------------------------------------------------------------------------
Finished Flattening Before IO Insertion
---------------------------------------------------------------------------------
---------------------------------------------------------------------------------
Start Final Netlist Cleanup
---------------------------------------------------------------------------------
---------------------------------------------------------------------------------
Finished Final Netlist Cleanup
---------------------------------------------------------------------------------
---------------------------------------------------------------------------------
Finished IO Insertion : Time (s): cpu = 00:00:19 ; elapsed = 00:00:21 . Memory (MB): peak = 2350.891 ; gain = 62.055 ; free physical = 8403 ; free virtual = 14544
---------------------------------------------------------------------------------
---------------------------------------------------------------------------------
Start Renaming Generated Instances
---------------------------------------------------------------------------------
---------------------------------------------------------------------------------
Finished Renaming Generated Instances : Time (s): cpu = 00:00:19 ; elapsed = 00:00:21 . Memory (MB): peak = 2350.891 ; gain = 62.055 ; free physical = 8403 ; free virtual = 14544
---------------------------------------------------------------------------------
---------------------------------------------------------------------------------
Start Rebuilding User Hierarchy
---------------------------------------------------------------------------------
---------------------------------------------------------------------------------
Finished Rebuilding User Hierarchy : Time (s): cpu = 00:00:19 ; elapsed = 00:00:21 . Memory (MB): peak = 2350.891 ; gain = 62.055 ; free physical = 8403 ; free virtual = 14544
---------------------------------------------------------------------------------
---------------------------------------------------------------------------------
Start Renaming Generated Ports
---------------------------------------------------------------------------------
---------------------------------------------------------------------------------
Finished Renaming Generated Ports : Time (s): cpu = 00:00:19 ; elapsed = 00:00:21 . Memory (MB): peak = 2350.891 ; gain = 62.055 ; free physical = 8403 ; free virtual = 14544
---------------------------------------------------------------------------------
---------------------------------------------------------------------------------
Start Handling Custom Attributes
---------------------------------------------------------------------------------
---------------------------------------------------------------------------------
Finished Handling Custom Attributes : Time (s): cpu = 00:00:19 ; elapsed = 00:00:21 . Memory (MB): peak = 2350.891 ; gain = 62.055 ; free physical = 8403 ; free virtual = 14544
---------------------------------------------------------------------------------
---------------------------------------------------------------------------------
Start Renaming Generated Nets
---------------------------------------------------------------------------------
---------------------------------------------------------------------------------
Finished Renaming Generated Nets : Time (s): cpu = 00:00:19 ; elapsed = 00:00:21 . Memory (MB): peak = 2350.891 ; gain = 62.055 ; free physical = 8403 ; free virtual = 14544
---------------------------------------------------------------------------------
---------------------------------------------------------------------------------
Start Writing Synthesis Report
---------------------------------------------------------------------------------

Report BlackBoxes: 
+------+--------------+----------+
|      |BlackBox name |Instances |
+------+--------------+----------+
|1     |ila_0         |         1|
+------+--------------+----------+

Report Cell Usage: 
+------+-------+------+
|      |Cell   |Count |
+------+-------+------+
|1     |ila    |     1|
|2     |BUFG   |     1|
|3     |CARRY4 |    33|
|4     |LUT1   |     6|
|5     |LUT2   |    63|
|6     |LUT3   |    38|
|7     |LUT4   |    64|
|8     |LUT5   |    32|
|9     |LUT6   |   163|
|10    |FDCE   |    59|
|11    |FDPE   |     1|
|12    |FDRE   |   400|
|13    |IBUF   |     4|
|14    |OBUF   |    15|
+------+-------+------+
---------------------------------------------------------------------------------
Finished Writing Synthesis Report : Time (s): cpu = 00:00:19 ; elapsed = 00:00:21 . Memory (MB): peak = 2350.891 ; gain = 62.055 ; free physical = 8403 ; free virtual = 14544
---------------------------------------------------------------------------------
Synthesis finished with 0 errors, 0 critical warnings and 0 warnings.
Synthesis Optimization Runtime : Time (s): cpu = 00:00:18 ; elapsed = 00:00:19 . Memory (MB): peak = 2350.891 ; gain = 0.000 ; free physical = 8455 ; free virtual = 14596
Synthesis Optimization Complete : Time (s): cpu = 00:00:19 ; elapsed = 00:00:21 . Memory (MB): peak = 2350.891 ; gain = 62.055 ; free physical = 8455 ; free virtual = 14596
INFO: [Project 1-571] Translating synthesized netlist
Netlist sorting complete. Time (s): cpu = 00:00:00.01 ; elapsed = 00:00:00 . Memory (MB): peak = 2350.891 ; gain = 0.000 ; free physical = 8539 ; free virtual = 14680
INFO: [Netlist 29-17] Analyzing 33 Unisim elements for replacement
INFO: [Netlist 29-28] Unisim Transformation completed in 0 CPU seconds
INFO: [Project 1-570] Preparing netlist for logic optimization
INFO: [Opt 31-138] Pushed 0 inverter(s) to 0 load pin(s).
Netlist sorting complete. Time (s): cpu = 00:00:00 ; elapsed = 00:00:00 . Memory (MB): peak = 2350.891 ; gain = 0.000 ; free physical = 8483 ; free virtual = 14624
INFO: [Project 1-111] Unisim Transformation Summary:
No Unisim elements were transformed.

INFO: [Common 17-83] Releasing license: Synthesis
54 Infos, 1 Warnings, 0 Critical Warnings and 0 Errors encountered.
synth_design completed successfully
synth_design: Time (s): cpu = 00:00:27 ; elapsed = 00:00:24 . Memory (MB): peak = 2350.891 ; gain = 62.055 ; free physical = 8542 ; free virtual = 14683
INFO: [Common 17-1381] The checkpoint '/home/minseok/study/vivado/0516_upcounter/0516_upcounter.runs/synth_1/top.dcp' has been generated.
INFO: [runtcl-4] Executing : report_utilization -file top_utilization_synth.rpt -pb top_utilization_synth.pb
INFO: [Common 17-206] Exiting Vivado at Thu May 16 13:22:29 2024...
