
*** Running vivado
    with args -log top.vds -m64 -product Vivado -mode batch -messageDb vivado.pb -notrace -source top.tcl


****** Vivado v2020.2 (64-bit)
  **** SW Build 3064766 on Wed Nov 18 09:12:47 MST 2020
  **** IP Build 3064653 on Wed Nov 18 14:17:31 MST 2020
    ** Copyright 1986-2020 Xilinx, Inc. All Rights Reserved.

source top.tcl -notrace
Command: synth_design -top top -part xc7a35tcpg236-1
Starting synth_design
Attempting to get a license for feature 'Synthesis' and/or device 'xc7a35t'
INFO: [Common 17-349] Got license for feature 'Synthesis' and/or device 'xc7a35t'
INFO: [Device 21-403] Loading part xc7a35tcpg236-1
INFO: [Synth 8-7079] Multithreading enabled for synth_design using a maximum of 4 processes.
INFO: [Synth 8-7078] Launching helper process for spawning children vivado processes
INFO: [Synth 8-7075] Helper process launched with PID 282012
---------------------------------------------------------------------------------
Starting RTL Elaboration : Time (s): cpu = 00:00:02 ; elapsed = 00:00:03 . Memory (MB): peak = 2346.699 ; gain = 0.000 ; free physical = 7366 ; free virtual = 13837
---------------------------------------------------------------------------------
INFO: [Synth 8-6157] synthesizing module 'top' [/home/minseok/study/vivado/0514HW_UpCounterFSM/0514HW_UpCounterFSM.srcs/sources_1/new/top.v:4]
INFO: [Synth 8-6157] synthesizing module 'button' [/home/minseok/study/vivado/0514HW_UpCounterFSM/0514HW_UpCounterFSM.srcs/sources_1/new/button.v:3]
	Parameter N bound to: 100 - type: integer 
INFO: [Synth 8-6155] done synthesizing module 'button' (1#1) [/home/minseok/study/vivado/0514HW_UpCounterFSM/0514HW_UpCounterFSM.srcs/sources_1/new/button.v:3]
INFO: [Synth 8-6157] synthesizing module 'stateSelecter' [/home/minseok/study/vivado/0514HW_UpCounterFSM/0514HW_UpCounterFSM.srcs/sources_1/new/stateSelecter.v:3]
	Parameter counter_ON bound to: 1'b1 
	Parameter counter_OFF bound to: 1'b0 
INFO: [Synth 8-6155] done synthesizing module 'stateSelecter' (2#1) [/home/minseok/study/vivado/0514HW_UpCounterFSM/0514HW_UpCounterFSM.srcs/sources_1/new/stateSelecter.v:3]
INFO: [Synth 8-6157] synthesizing module 'clkDiv' [/home/minseok/study/vivado/0514HW_UpCounterFSM/0514HW_UpCounterFSM.srcs/sources_1/new/FNDController.v:204]
	Parameter HERZ bound to: 50 - type: integer 
INFO: [Synth 8-6155] done synthesizing module 'clkDiv' (3#1) [/home/minseok/study/vivado/0514HW_UpCounterFSM/0514HW_UpCounterFSM.srcs/sources_1/new/FNDController.v:204]
INFO: [Synth 8-6157] synthesizing module 'UpCounter' [/home/minseok/study/vivado/0514HW_UpCounterFSM/0514HW_UpCounterFSM.srcs/sources_1/new/UpCounter.v:4]
	Parameter MAX_NUM bound to: 10000 - type: integer 
INFO: [Synth 8-6155] done synthesizing module 'UpCounter' (4#1) [/home/minseok/study/vivado/0514HW_UpCounterFSM/0514HW_UpCounterFSM.srcs/sources_1/new/UpCounter.v:4]
INFO: [Synth 8-6157] synthesizing module 'FNDContorller' [/home/minseok/study/vivado/0514HW_UpCounterFSM/0514HW_UpCounterFSM.srcs/sources_1/new/FNDController.v:4]
INFO: [Synth 8-6157] synthesizing module 'clkDiv__parameterized0' [/home/minseok/study/vivado/0514HW_UpCounterFSM/0514HW_UpCounterFSM.srcs/sources_1/new/FNDController.v:204]
	Parameter HERZ bound to: 1000 - type: integer 
INFO: [Synth 8-6155] done synthesizing module 'clkDiv__parameterized0' (4#1) [/home/minseok/study/vivado/0514HW_UpCounterFSM/0514HW_UpCounterFSM.srcs/sources_1/new/FNDController.v:204]
INFO: [Synth 8-6157] synthesizing module 'counter' [/home/minseok/study/vivado/0514HW_UpCounterFSM/0514HW_UpCounterFSM.srcs/sources_1/new/FNDController.v:179]
	Parameter MAX_COUNT bound to: 4 - type: integer 
INFO: [Synth 8-6155] done synthesizing module 'counter' (5#1) [/home/minseok/study/vivado/0514HW_UpCounterFSM/0514HW_UpCounterFSM.srcs/sources_1/new/FNDController.v:179]
INFO: [Synth 8-6157] synthesizing module 'Adder_Decoder' [/home/minseok/study/vivado/0514HW_UpCounterFSM/0514HW_UpCounterFSM.srcs/sources_1/new/FNDController.v:161]
INFO: [Synth 8-226] default block is never used [/home/minseok/study/vivado/0514HW_UpCounterFSM/0514HW_UpCounterFSM.srcs/sources_1/new/FNDController.v:167]
INFO: [Synth 8-6155] done synthesizing module 'Adder_Decoder' (6#1) [/home/minseok/study/vivado/0514HW_UpCounterFSM/0514HW_UpCounterFSM.srcs/sources_1/new/FNDController.v:161]
INFO: [Synth 8-6157] synthesizing module 'digitSplitter_counter' [/home/minseok/study/vivado/0514HW_UpCounterFSM/0514HW_UpCounterFSM.srcs/sources_1/new/FNDController.v:91]
INFO: [Synth 8-6155] done synthesizing module 'digitSplitter_counter' (7#1) [/home/minseok/study/vivado/0514HW_UpCounterFSM/0514HW_UpCounterFSM.srcs/sources_1/new/FNDController.v:91]
INFO: [Synth 8-6157] synthesizing module 'mux' [/home/minseok/study/vivado/0514HW_UpCounterFSM/0514HW_UpCounterFSM.srcs/sources_1/new/FNDController.v:109]
INFO: [Synth 8-226] default block is never used [/home/minseok/study/vivado/0514HW_UpCounterFSM/0514HW_UpCounterFSM.srcs/sources_1/new/FNDController.v:119]
INFO: [Synth 8-6155] done synthesizing module 'mux' (8#1) [/home/minseok/study/vivado/0514HW_UpCounterFSM/0514HW_UpCounterFSM.srcs/sources_1/new/FNDController.v:109]
INFO: [Synth 8-6157] synthesizing module 'BCDtoSEG' [/home/minseok/study/vivado/0514HW_UpCounterFSM/0514HW_UpCounterFSM.srcs/sources_1/new/FNDController.v:131]
INFO: [Synth 8-226] default block is never used [/home/minseok/study/vivado/0514HW_UpCounterFSM/0514HW_UpCounterFSM.srcs/sources_1/new/FNDController.v:137]
INFO: [Synth 8-6155] done synthesizing module 'BCDtoSEG' (9#1) [/home/minseok/study/vivado/0514HW_UpCounterFSM/0514HW_UpCounterFSM.srcs/sources_1/new/FNDController.v:131]
INFO: [Synth 8-6155] done synthesizing module 'FNDContorller' (10#1) [/home/minseok/study/vivado/0514HW_UpCounterFSM/0514HW_UpCounterFSM.srcs/sources_1/new/FNDController.v:4]
INFO: [Synth 8-6155] done synthesizing module 'top' (11#1) [/home/minseok/study/vivado/0514HW_UpCounterFSM/0514HW_UpCounterFSM.srcs/sources_1/new/top.v:4]
---------------------------------------------------------------------------------
Finished RTL Elaboration : Time (s): cpu = 00:00:03 ; elapsed = 00:00:04 . Memory (MB): peak = 2346.699 ; gain = 0.000 ; free physical = 6820 ; free virtual = 13291
---------------------------------------------------------------------------------
---------------------------------------------------------------------------------
Start Handling Custom Attributes
---------------------------------------------------------------------------------
---------------------------------------------------------------------------------
Finished Handling Custom Attributes : Time (s): cpu = 00:00:03 ; elapsed = 00:00:04 . Memory (MB): peak = 2346.699 ; gain = 0.000 ; free physical = 6818 ; free virtual = 13289
---------------------------------------------------------------------------------
---------------------------------------------------------------------------------
Finished RTL Optimization Phase 1 : Time (s): cpu = 00:00:03 ; elapsed = 00:00:04 . Memory (MB): peak = 2346.699 ; gain = 0.000 ; free physical = 6818 ; free virtual = 13289
---------------------------------------------------------------------------------
Netlist sorting complete. Time (s): cpu = 00:00:00.01 ; elapsed = 00:00:00.01 . Memory (MB): peak = 2346.699 ; gain = 0.000 ; free physical = 6812 ; free virtual = 13283
INFO: [Project 1-570] Preparing netlist for logic optimization

Processing XDC Constraints
Initializing timing engine
Parsing XDC File [/home/minseok/study/vivado/0514HW_UpCounterFSM/0514HW_UpCounterFSM.srcs/constrs_1/imports/vivado/MY_Basys-3-Master.xdc]
Finished Parsing XDC File [/home/minseok/study/vivado/0514HW_UpCounterFSM/0514HW_UpCounterFSM.srcs/constrs_1/imports/vivado/MY_Basys-3-Master.xdc]
INFO: [Project 1-236] Implementation specific constraints were found while reading constraint file [/home/minseok/study/vivado/0514HW_UpCounterFSM/0514HW_UpCounterFSM.srcs/constrs_1/imports/vivado/MY_Basys-3-Master.xdc]. These constraints will be ignored for synthesis but will be used in implementation. Impacted constraints are listed in the file [.Xil/top_propImpl.xdc].
Resolution: To avoid this warning, move constraints listed in [.Xil/top_propImpl.xdc] to another XDC file and exclude this new file from synthesis with the used_in_synthesis property (File Properties dialog in GUI) and re-run elaboration/synthesis.
Completed Processing XDC Constraints

Netlist sorting complete. Time (s): cpu = 00:00:00 ; elapsed = 00:00:00 . Memory (MB): peak = 2410.707 ; gain = 0.000 ; free physical = 7388 ; free virtual = 13859
INFO: [Project 1-111] Unisim Transformation Summary:
No Unisim elements were transformed.

Constraint Validation Runtime : Time (s): cpu = 00:00:00 ; elapsed = 00:00:00 . Memory (MB): peak = 2410.707 ; gain = 0.000 ; free physical = 7387 ; free virtual = 13858
---------------------------------------------------------------------------------
Finished Constraint Validation : Time (s): cpu = 00:00:08 ; elapsed = 00:00:09 . Memory (MB): peak = 2410.707 ; gain = 64.008 ; free physical = 7517 ; free virtual = 13988
---------------------------------------------------------------------------------
---------------------------------------------------------------------------------
Start Loading Part and Timing Information
---------------------------------------------------------------------------------
Loading part: xc7a35tcpg236-1
---------------------------------------------------------------------------------
Finished Loading Part and Timing Information : Time (s): cpu = 00:00:08 ; elapsed = 00:00:09 . Memory (MB): peak = 2410.707 ; gain = 64.008 ; free physical = 7517 ; free virtual = 13988
---------------------------------------------------------------------------------
---------------------------------------------------------------------------------
Start Applying 'set_property' XDC Constraints
---------------------------------------------------------------------------------
---------------------------------------------------------------------------------
Finished applying 'set_property' XDC Constraints : Time (s): cpu = 00:00:08 ; elapsed = 00:00:09 . Memory (MB): peak = 2410.707 ; gain = 64.008 ; free physical = 7517 ; free virtual = 13988
---------------------------------------------------------------------------------
---------------------------------------------------------------------------------
Finished RTL Optimization Phase 2 : Time (s): cpu = 00:00:08 ; elapsed = 00:00:09 . Memory (MB): peak = 2410.707 ; gain = 64.008 ; free physical = 7509 ; free virtual = 13980
---------------------------------------------------------------------------------
---------------------------------------------------------------------------------
Start RTL Component Statistics 
---------------------------------------------------------------------------------
Detailed RTL Component Info : 
+---Adders : 
	   2 Input   21 Bit       Adders := 1     
	   2 Input   17 Bit       Adders := 1     
	   2 Input   14 Bit       Adders := 1     
	   2 Input    2 Bit       Adders := 1     
+---Registers : 
	              100 Bit    Registers := 1     
	               21 Bit    Registers := 1     
	               17 Bit    Registers := 1     
	               14 Bit    Registers := 1     
	                2 Bit    Registers := 1     
	                1 Bit    Registers := 3     
+---Muxes : 
	   2 Input   21 Bit        Muxes := 1     
	   2 Input   17 Bit        Muxes := 1     
	   2 Input   14 Bit        Muxes := 1     
	   4 Input    4 Bit        Muxes := 2     
	   2 Input    2 Bit        Muxes := 1     
	   2 Input    1 Bit        Muxes := 1     
---------------------------------------------------------------------------------
Finished RTL Component Statistics 
---------------------------------------------------------------------------------
---------------------------------------------------------------------------------
Start Part Resource Summary
---------------------------------------------------------------------------------
Part Resources:
DSPs: 90 (col length:60)
BRAMs: 100 (col length: RAMB18 60 RAMB36 30)
---------------------------------------------------------------------------------
Finished Part Resource Summary
---------------------------------------------------------------------------------
---------------------------------------------------------------------------------
Start Cross Boundary and Area Optimization
---------------------------------------------------------------------------------
---------------------------------------------------------------------------------
Finished Cross Boundary and Area Optimization : Time (s): cpu = 00:00:14 ; elapsed = 00:00:15 . Memory (MB): peak = 2410.707 ; gain = 64.008 ; free physical = 7490 ; free virtual = 13965
---------------------------------------------------------------------------------
---------------------------------------------------------------------------------
Start Applying XDC Timing Constraints
---------------------------------------------------------------------------------
---------------------------------------------------------------------------------
Finished Applying XDC Timing Constraints : Time (s): cpu = 00:00:18 ; elapsed = 00:00:19 . Memory (MB): peak = 2410.707 ; gain = 64.008 ; free physical = 7367 ; free virtual = 13842
---------------------------------------------------------------------------------
---------------------------------------------------------------------------------
Start Timing Optimization
---------------------------------------------------------------------------------
---------------------------------------------------------------------------------
Finished Timing Optimization : Time (s): cpu = 00:00:18 ; elapsed = 00:00:20 . Memory (MB): peak = 2410.707 ; gain = 64.008 ; free physical = 7369 ; free virtual = 13844
---------------------------------------------------------------------------------
---------------------------------------------------------------------------------
Start Technology Mapping
---------------------------------------------------------------------------------
---------------------------------------------------------------------------------
Finished Technology Mapping : Time (s): cpu = 00:00:18 ; elapsed = 00:00:20 . Memory (MB): peak = 2410.707 ; gain = 64.008 ; free physical = 7367 ; free virtual = 13842
---------------------------------------------------------------------------------
---------------------------------------------------------------------------------
Start IO Insertion
---------------------------------------------------------------------------------
---------------------------------------------------------------------------------
Start Flattening Before IO Insertion
---------------------------------------------------------------------------------
---------------------------------------------------------------------------------
Finished Flattening Before IO Insertion
---------------------------------------------------------------------------------
---------------------------------------------------------------------------------
Start Final Netlist Cleanup
---------------------------------------------------------------------------------
---------------------------------------------------------------------------------
Finished Final Netlist Cleanup
---------------------------------------------------------------------------------
---------------------------------------------------------------------------------
Finished IO Insertion : Time (s): cpu = 00:00:20 ; elapsed = 00:00:21 . Memory (MB): peak = 2410.707 ; gain = 64.008 ; free physical = 7363 ; free virtual = 13838
---------------------------------------------------------------------------------
---------------------------------------------------------------------------------
Start Renaming Generated Instances
---------------------------------------------------------------------------------
---------------------------------------------------------------------------------
Finished Renaming Generated Instances : Time (s): cpu = 00:00:20 ; elapsed = 00:00:21 . Memory (MB): peak = 2410.707 ; gain = 64.008 ; free physical = 7363 ; free virtual = 13838
---------------------------------------------------------------------------------
---------------------------------------------------------------------------------
Start Rebuilding User Hierarchy
---------------------------------------------------------------------------------
---------------------------------------------------------------------------------
Finished Rebuilding User Hierarchy : Time (s): cpu = 00:00:20 ; elapsed = 00:00:21 . Memory (MB): peak = 2410.707 ; gain = 64.008 ; free physical = 7363 ; free virtual = 13838
---------------------------------------------------------------------------------
---------------------------------------------------------------------------------
Start Renaming Generated Ports
---------------------------------------------------------------------------------
---------------------------------------------------------------------------------
Finished Renaming Generated Ports : Time (s): cpu = 00:00:20 ; elapsed = 00:00:21 . Memory (MB): peak = 2410.707 ; gain = 64.008 ; free physical = 7363 ; free virtual = 13838
---------------------------------------------------------------------------------
---------------------------------------------------------------------------------
Start Handling Custom Attributes
---------------------------------------------------------------------------------
---------------------------------------------------------------------------------
Finished Handling Custom Attributes : Time (s): cpu = 00:00:20 ; elapsed = 00:00:21 . Memory (MB): peak = 2410.707 ; gain = 64.008 ; free physical = 7363 ; free virtual = 13838
---------------------------------------------------------------------------------
---------------------------------------------------------------------------------
Start Renaming Generated Nets
---------------------------------------------------------------------------------
---------------------------------------------------------------------------------
Finished Renaming Generated Nets : Time (s): cpu = 00:00:20 ; elapsed = 00:00:21 . Memory (MB): peak = 2410.707 ; gain = 64.008 ; free physical = 7363 ; free virtual = 13838
---------------------------------------------------------------------------------
---------------------------------------------------------------------------------
Start Writing Synthesis Report
---------------------------------------------------------------------------------

Report BlackBoxes: 
+-+--------------+----------+
| |BlackBox name |Instances |
+-+--------------+----------+
+-+--------------+----------+

Report Cell Usage: 
+------+-------+------+
|      |Cell   |Count |
+------+-------+------+
|1     |BUFG   |     1|
|2     |CARRY4 |    33|
|3     |LUT1   |     7|
|4     |LUT2   |    97|
|5     |LUT3   |    35|
|6     |LUT4   |    49|
|7     |LUT5   |    30|
|8     |LUT6   |    88|
|9     |FDCE   |    57|
|10    |FDRE   |   100|
|11    |IBUF   |     3|
|12    |OBUF   |    12|
+------+-------+------+
---------------------------------------------------------------------------------
Finished Writing Synthesis Report : Time (s): cpu = 00:00:20 ; elapsed = 00:00:21 . Memory (MB): peak = 2410.707 ; gain = 64.008 ; free physical = 7363 ; free virtual = 13838
---------------------------------------------------------------------------------
Synthesis finished with 0 errors, 0 critical warnings and 0 warnings.
Synthesis Optimization Runtime : Time (s): cpu = 00:00:18 ; elapsed = 00:00:20 . Memory (MB): peak = 2410.707 ; gain = 0.000 ; free physical = 7417 ; free virtual = 13891
Synthesis Optimization Complete : Time (s): cpu = 00:00:20 ; elapsed = 00:00:22 . Memory (MB): peak = 2410.707 ; gain = 64.008 ; free physical = 7417 ; free virtual = 13891
INFO: [Project 1-571] Translating synthesized netlist
Netlist sorting complete. Time (s): cpu = 00:00:00.01 ; elapsed = 00:00:00.01 . Memory (MB): peak = 2410.707 ; gain = 0.000 ; free physical = 7510 ; free virtual = 13985
INFO: [Netlist 29-17] Analyzing 33 Unisim elements for replacement
INFO: [Netlist 29-28] Unisim Transformation completed in 0 CPU seconds
INFO: [Project 1-570] Preparing netlist for logic optimization
INFO: [Opt 31-138] Pushed 0 inverter(s) to 0 load pin(s).
Netlist sorting complete. Time (s): cpu = 00:00:00 ; elapsed = 00:00:00 . Memory (MB): peak = 2410.707 ; gain = 0.000 ; free physical = 7457 ; free virtual = 13931
INFO: [Project 1-111] Unisim Transformation Summary:
No Unisim elements were transformed.

INFO: [Common 17-83] Releasing license: Synthesis
42 Infos, 0 Warnings, 0 Critical Warnings and 0 Errors encountered.
synth_design completed successfully
synth_design: Time (s): cpu = 00:00:27 ; elapsed = 00:00:25 . Memory (MB): peak = 2410.707 ; gain = 87.844 ; free physical = 7521 ; free virtual = 13996
INFO: [Common 17-1381] The checkpoint '/home/minseok/study/vivado/0514HW_UpCounterFSM/0514HW_UpCounterFSM.runs/synth_1/top.dcp' has been generated.
INFO: [runtcl-4] Executing : report_utilization -file top_utilization_synth.rpt -pb top_utilization_synth.pb
INFO: [Common 17-206] Exiting Vivado at Wed May 15 23:42:01 2024...
